<?xml version="1.0" encoding="UTF-8"?>
<!-- Generated by org.testng.reporters.JUnitXMLReporter -->
<testsuite hostname="DESKTOP-8BMKDBU" ignored="0" name="Parallel_Execution_Testing_GitHubLogin2" tests="5" failures="0" timestamp="10 Sep 2019 16:30:08 GMT" time="29.347" errors="0">
  <testcase name="OpenBrowser" time="6.941" classname="module6.GitHubLogin_parameter"/>
  <testcase name="OpenAUT" time="3.8" classname="module6.GitHubLogin_parameter"/>
  <testcase name="Login" time="8.607" classname="module6.GitHubLogin_parameter"/>
  <testcase name="Logout" time="5.454" classname="module6.GitHubLogin_parameter"/>
  <testcase name="CloseTestCase" time="4.513" classname="module6.GitHubLogin_parameter"/>
</testsuite> <!-- Parallel_Execution_Testing_GitHubLogin2 -->
