<?xml version="1.0" encoding="UTF-8"?>
<!-- Generated by org.testng.reporters.JUnitXMLReporter -->
<testsuite hostname="DESKTOP-8BMKDBU" ignored="0" name="Parallel_Execution_Testing_GitHubLogin1" tests="5" failures="0" timestamp="10 Sep 2019 16:29:38 GMT" time="42.655" errors="0">
  <testcase name="openBrowser" time="10.866" classname="module6.GitHubLogin_CrossBrowser"/>
  <testcase name="OpenAUT" time="8.942" classname="module6.GitHubLogin_CrossBrowser"/>
  <testcase name="Login" time="8.333" classname="module6.GitHubLogin_CrossBrowser"/>
  <testcase name="Logout" time="6.448" classname="module6.GitHubLogin_CrossBrowser"/>
  <testcase name="CloseTestCase" time="7.939" classname="module6.GitHubLogin_CrossBrowser"/>
</testsuite> <!-- Parallel_Execution_Testing_GitHubLogin1 -->
