<?xml version="1.0" encoding="UTF-8"?>
<!-- Generated by org.testng.reporters.JUnitXMLReporter -->
<testsuite hostname="DESKTOP-8BMKDBU" ignored="2" name="Default test" tests="7" failures="0" timestamp="09 Sep 2019 16:57:45 GMT" time="21.195" errors="0">
  <testcase name="OpenBrowser" time="10.337" classname="module6.Enabled"/>
  <testcase name="OpenAUT" time="4.359" classname="module6.Enabled"/>
  <testcase name="ClickRegisterLink" time="2.379" classname="module6.Enabled"/>
  <testcase name="ClickContactUsLink" time="1.101" classname="module6.Enabled"/>
  <testcase name="ClickSupportLink" time="1.162" classname="module6.Enabled"/>
  <testcase name="ClickSignOnLink" time="1.067" classname="module6.Enabled"/>
  <testcase name="CloseBrowser" time="0.656" classname="module6.Enabled"/>
  <testcase name="Logout" time="0.0" classname="module6.Enabled">
    <ignored/>
  </testcase> <!-- Logout -->
  <testcase name="Login" time="0.0" classname="module6.Enabled">
    <ignored/>
  </testcase> <!-- Login -->
</testsuite> <!-- Default test -->
