<?xml version="1.0" encoding="UTF-8"?>
<!-- Generated by org.testng.reporters.JUnitXMLReporter -->
<testsuite hostname="DESKTOP-8BMKDBU" ignored="0" name="Chrome" tests="5" failures="0" timestamp="11 Sep 2019 16:08:02 GMT" time="55.494" errors="0">
  <testcase name="openBrowser" time="8.309" classname="module7.GitHubLogin"/>
  <testcase name="OpenAUT" time="11.919" classname="module7.GitHubLogin"/>
  <testcase name="Login" time="16.625" classname="module7.GitHubLogin"/>
  <testcase name="Logout" time="14.567" classname="module7.GitHubLogin"/>
  <testcase name="CloseTestCase" time="3.925" classname="module7.GitHubLogin"/>
</testsuite> <!-- Chrome -->
