<?xml version="1.0" encoding="UTF-8"?>
<!-- Generated by org.testng.reporters.JUnitXMLReporter -->
<testsuite hostname="DESKTOP-8BMKDBU" ignored="0" name="Firefox" tests="5" failures="0" timestamp="11 Sep 2019 16:08:08 GMT" time="61.174" errors="0">
  <testcase name="openBrowser" time="8.299" classname="module7.GitHubLogin"/>
  <testcase name="OpenAUT" time="17.089" classname="module7.GitHubLogin"/>
  <testcase name="Login" time="16.575" classname="module7.GitHubLogin"/>
  <testcase name="Logout" time="14.41" classname="module7.GitHubLogin"/>
  <testcase name="CloseTestCase" time="4.677" classname="module7.GitHubLogin"/>
</testsuite> <!-- Firefox -->
