<?xml version="1.0" encoding="UTF-8"?>
<testng-results skipped="0" failed="0" ignored="0" total="10" passed="10">
  <reporter-output>
  </reporter-output>
  <suite name="GRID Parallel Testing" duration-ms="61174" started-at="2019-09-11T16:07:06Z" finished-at="2019-09-11T16:08:07Z">
    <groups>
    </groups>
    <test name="Chrome" duration-ms="55494" started-at="2019-09-11T16:07:06Z" finished-at="2019-09-11T16:08:02Z">
      <class name="module7.GitHubLogin">
        <test-method status="PASS" signature="openBrowser(java.lang.String)[pri:0, instance:module7.GitHubLogin@5e5792a0]" name="openBrowser" duration-ms="8309" started-at="2019-09-11T21:37:06Z" finished-at="2019-09-11T21:37:15Z">
          <params>
            <param index="0">
              <value>
                <![CDATA[pc1]]>
              </value>
            </param>
          </params>
          <reporter-output>
          </reporter-output>
        </test-method> <!-- openBrowser -->
        <test-method status="PASS" signature="OpenAUT()[pri:2, instance:module7.GitHubLogin@5e5792a0]" name="OpenAUT" duration-ms="11919" started-at="2019-09-11T21:37:15Z" finished-at="2019-09-11T21:37:27Z">
          <reporter-output>
          </reporter-output>
        </test-method> <!-- OpenAUT -->
        <test-method status="PASS" signature="Login(java.lang.String, java.lang.String)[pri:3, instance:module7.GitHubLogin@5e5792a0]" name="Login" duration-ms="16625" started-at="2019-09-11T21:37:27Z" finished-at="2019-09-11T21:37:43Z">
          <params>
            <param index="0">
              <value>
                <![CDATA[tabhresh@gmail.com]]>
              </value>
            </param>
            <param index="1">
              <value>
                <![CDATA[edureka123]]>
              </value>
            </param>
          </params>
          <reporter-output>
          </reporter-output>
        </test-method> <!-- Login -->
        <test-method status="PASS" signature="Logout()[pri:4, instance:module7.GitHubLogin@5e5792a0]" name="Logout" duration-ms="14567" started-at="2019-09-11T21:37:43Z" finished-at="2019-09-11T21:37:58Z">
          <reporter-output>
          </reporter-output>
        </test-method> <!-- Logout -->
        <test-method status="PASS" signature="CloseTestCase()[pri:5, instance:module7.GitHubLogin@5e5792a0]" name="CloseTestCase" duration-ms="3925" started-at="2019-09-11T21:37:58Z" finished-at="2019-09-11T21:38:02Z">
          <reporter-output>
          </reporter-output>
        </test-method> <!-- CloseTestCase -->
      </class> <!-- module7.GitHubLogin -->
    </test> <!-- Chrome -->
    <test name="Firefox" duration-ms="61174" started-at="2019-09-11T16:07:06Z" finished-at="2019-09-11T16:08:07Z">
      <class name="module7.GitHubLogin">
        <test-method status="PASS" signature="openBrowser(java.lang.String)[pri:0, instance:module7.GitHubLogin@42e26948]" name="openBrowser" duration-ms="8299" started-at="2019-09-11T21:37:06Z" finished-at="2019-09-11T21:37:15Z">
          <params>
            <param index="0">
              <value>
                <![CDATA[pc1]]>
              </value>
            </param>
          </params>
          <reporter-output>
          </reporter-output>
        </test-method> <!-- openBrowser -->
        <test-method status="PASS" signature="OpenAUT()[pri:2, instance:module7.GitHubLogin@42e26948]" name="OpenAUT" duration-ms="17089" started-at="2019-09-11T21:37:15Z" finished-at="2019-09-11T21:37:32Z">
          <reporter-output>
          </reporter-output>
        </test-method> <!-- OpenAUT -->
        <test-method status="PASS" signature="Login(java.lang.String, java.lang.String)[pri:3, instance:module7.GitHubLogin@42e26948]" name="Login" duration-ms="16575" started-at="2019-09-11T21:37:32Z" finished-at="2019-09-11T21:37:48Z">
          <params>
            <param index="0">
              <value>
                <![CDATA[tabhresh@gmail.com]]>
              </value>
            </param>
            <param index="1">
              <value>
                <![CDATA[edureka123]]>
              </value>
            </param>
          </params>
          <reporter-output>
          </reporter-output>
        </test-method> <!-- Login -->
        <test-method status="PASS" signature="Logout()[pri:4, instance:module7.GitHubLogin@42e26948]" name="Logout" duration-ms="14410" started-at="2019-09-11T21:37:48Z" finished-at="2019-09-11T21:38:03Z">
          <reporter-output>
          </reporter-output>
        </test-method> <!-- Logout -->
        <test-method status="PASS" signature="CloseTestCase()[pri:5, instance:module7.GitHubLogin@42e26948]" name="CloseTestCase" duration-ms="4677" started-at="2019-09-11T21:38:03Z" finished-at="2019-09-11T21:38:07Z">
          <reporter-output>
          </reporter-output>
        </test-method> <!-- CloseTestCase -->
      </class> <!-- module7.GitHubLogin -->
    </test> <!-- Firefox -->
  </suite> <!-- GRID Parallel Testing -->
</testng-results>
