<?xml version="1.0" encoding="UTF-8"?>
<!-- Generated by org.testng.reporters.JUnitXMLReporter -->
<testsuite hostname="DESKTOP-8BMKDBU" ignored="0" name="Chrome" tests="5" failures="0" timestamp="11 Sep 2019 15:54:11 GMT" time="37.735" errors="0">
  <testcase name="openBrowser" time="10.279" classname="module7.GitHubLogin"/>
  <testcase name="OpenAUT" time="12.835" classname="module7.GitHubLogin"/>
  <testcase name="Login" time="5.876" classname="module7.GitHubLogin"/>
  <testcase name="Logout" time="4.331" classname="module7.GitHubLogin"/>
  <testcase name="CloseTestCase" time="4.283" classname="module7.GitHubLogin"/>
</testsuite> <!-- Chrome -->
