<?xml version="1.0" encoding="UTF-8"?>
<!-- Generated by org.testng.reporters.JUnitXMLReporter -->
<testsuite hostname="DESKTOP-8BMKDBU" ignored="5" name="GroupTest" tests="4" failures="0" timestamp="10 Sep 2019 15:32:29 GMT" time="0.265" errors="0">
  <testcase name="TC1" time="0.067" classname="module6.Grouping"/>
  <testcase name="TC4" time="0.01" classname="module6.Grouping"/>
  <testcase name="TC7" time="0.011" classname="module6.Grouping"/>
  <testcase name="TC9" time="0.028" classname="module6.Grouping"/>
  <testcase name="TC5" time="0.0" classname="module6.Grouping">
    <ignored/>
  </testcase> <!-- TC5 -->
  <testcase name="TC6" time="0.0" classname="module6.Grouping">
    <ignored/>
  </testcase> <!-- TC6 -->
  <testcase name="TC2" time="0.0" classname="module6.Grouping">
    <ignored/>
  </testcase> <!-- TC2 -->
  <testcase name="TC3" time="0.0" classname="module6.Grouping">
    <ignored/>
  </testcase> <!-- TC3 -->
  <testcase name="TC8" time="0.0" classname="module6.Grouping">
    <ignored/>
  </testcase> <!-- TC8 -->
</testsuite> <!-- GroupTest -->
